Oct 23 22:39:32 <@chromb>	holy
Oct 23 22:39:32 <@chromb>	my internet is shitting it atm
Oct 23 22:39:51 <SStoney>	chromb
Oct 23 22:39:51 <@chromb>	my internet is shitting it atm
Oct 23 22:39:51 <@chromb>	holy
Oct 23 22:39:59 <@terho>	holy chromb
Oct 23 22:40:00 <@chromb>	holy
Oct 23 22:40:00 <@chromb>	my internet is shitting it atm
Oct 23 22:40:17 <SStoney>	are you ok chromb
Oct 23 22:40:24 <@Lyawi>	lmfao
Oct 23 22:40:28 <@chromb>	holy
Oct 23 22:40:28 <@chromb>	my internet is shitting it atm
Oct 23 22:40:30 <@chromb>	I literally cannot see any of your messages
Oct 23 22:40:30 <SStoney>	so inappropriate
Oct 23 22:40:35 <@chromb>	but my phone is showing me the pings
Oct 23 22:40:35 <@terho>	!faq lines
Oct 23 22:40:35 <BanchoBot>	Please try to keep your sentences on a single line to avoid getting silenced.
Oct 23 22:40:36 <@Karma>	xD
Oct 23 22:40:38 <@chromb>	holy
Oct 23 22:40:38 <@chromb>	my internet is shitting it atm
Oct 23 22:40:38 <+Windows_Me>	real
Oct 23 22:40:42 <@Karma>	!faq spam
Oct 23 22:40:42 <BanchoBot>	Please don't spam. It's annoying and usually leads to a silence.
Oct 23 22:40:45 <SStoney>	welp
Oct 23 22:40:47 <@chromb>	firetrucks sake
Oct 23 22:40:48 <SStoney>	reported :tf:
Oct 23 22:40:50 <@chromb>	my internet is shitting it atm
Oct 23 22:40:50 <@chromb>	holy
Oct 23 22:40:57 <SStoney>	there is
Oct 23 22:41:00 <SStoney>	no way
Oct 23 22:41:08 *	retro8x is playing [https://osu.ppy.sh/beatmapsets/382668#/836764 P*Light - Gekkou Ranbu [EXHAUST]] <osu!mania> |4K|
Oct 23 22:41:11 <Zesdash>	chromb getting removed from global moderation team for having shit internet
Oct 23 22:41:12 <JuanHCS>	mods
Oct 23 22:41:12 <@chromb>	my internet is shitting it atm
Oct 23 22:41:12 <@chromb>	holy
Oct 23 22:41:13 <Zesdash>	lol
Oct 23 22:41:15 <Zesdash>	LMAO
Oct 23 22:41:15 <JuanHCS>	cool ppl
Oct 23 22:41:15 <@chromb>	STILL
Oct 23 22:41:19 <+Windows_Me>	chromb please disconnect from irc
Oct 23 22:41:20 <SStoney>	LMAOOO
Oct 23 22:41:21 <+Windows_Me>	:p
Oct 23 22:41:22 <SStoney>	ARE YOPU OK
Oct 23 22:41:23 <Zesdash>	AAHAHHAAHH
Oct 23 22:41:26 <Zesdash>	HE GOT MUTED
Oct 23 22:41:28 <alphablazeX>	your internet is shit?
Oct 23 22:41:31 <ZM2036>	Yo i just connected my samsung tablet to my laptop how do i get it to register as a drawing tablet
Oct 23 22:41:34 <alphablazeX>	poopoo
Oct 23 22:41:38 <Tim06631>	Stupid pig
Oct 23 22:42:05 <Zesdash>	that has to by the funniest shit I ever seen
Oct 23 22:42:12 <Zesdash>	literally average chromb moment
Oct 23 22:42:17 <+Windows_Me>	real
Oct 23 22:42:19 <k4loh>	https://www.twitch.tv/k4lohosu
Oct 23 22:42:26 <Zesdash>	xD
Oct 23 22:42:29 <@chromb>	my internet is shitting it atm
Oct 23 22:42:29 <@chromb>	holy
Oct 23 22:42:35 <SStoney>	dude
Oct 23 22:42:38 <ARSONIST>	ow
Oct 23 22:42:39 <SStoney>	NO WAY
Oct 23 22:42:39 <tomas141107>	servers down?
Oct 23 22:42:41 <JuanHCS>	moly
Oct 23 22:42:41 <Zesdash>	HE'S BACK
Oct 23 22:42:42 <Zesdash>	LMAO
Oct 23 22:42:42 <fancy_tenshi>	no more chromb
Oct 23 22:42:43 <alphablazeX>	fr
Oct 23 22:42:47 <+Windows_Me>	chromb i'm urging you
Oct 23 22:42:48 <SStoney>	he is still lagging
Oct 23 22:42:51 <+Windows_Me>	disconnect from irc
Oct 23 22:42:59 <Leikur_RL3>	?
Oct 23 22:43:00 <SStoney>	I think its bancho moment btw
Oct 23 22:43:04 <Zesdash>	nope
Oct 23 22:43:11 <Zesdash>	usually bancho servers panic if somebody has a shit internet
Oct 23 22:43:18 <@chromb>	chromb moment
Oct 23 22:43:20 <[_Y_u_]>	https://www.twitch.tv/zzenyu
Oct 23 22:43:28 <Zesdash>	aka re entering the same type cuz shit internet lol
Oct 23 22:43:35 <Zesdash>	or the same words
Oct 23 22:43:36 <@chromb>	testing one two
Oct 23 22:43:36 <@chromb>	sorry terho
Oct 23 22:43:42 <SStoney>	that was something
Oct 23 22:43:45 <l0stsoulz>	dude my beatmap ranking says #1
Oct 23 22:43:46 <SStoney>	are you ok now?
Oct 23 22:43:48 <@chromb>	!faq ping
Oct 23 22:43:48 <BanchoBot>	Pong!
Oct 23 22:43:53 <@terho>	Yes apologize to me for late evening entertainment :')
Oct 23 22:43:53 <Zesdash>	how's the silence chromb ?
Oct 23 22:43:54 <yeahitsaubrey>	please watch your lines next time chromb
Oct 23 22:43:58 <@chromb>	!faq ping
Oct 23 22:43:58 <BanchoBot>	Pong!
Oct 23 22:44:00 <l0stsoulz>	BUT I FORGOT I HAD 2X SCORE ON-
Oct 23 22:44:03 <Zesdash>	LMAO
Oct 23 22:44:03 *	retro8x is playing [https://osu.ppy.sh/beatmapsets/429664#/927051 Camellia feat. Nanahira - Conveyor Sokudo Max!? Shainin*Kaiten Zushi"Sushi & Peace" [LNP's INFINITE]] <osu!mania> |4K|
Oct 23 22:44:03 <@chromb>	firetruckING HELL
Oct 23 22:44:04 <l0stsoulz>	im gonna do it again
Oct 23 22:44:07 <@chromb>	!faq ping
Oct 23 22:44:07 <BanchoBot>	Pong!
Oct 23 22:44:11 <SStoney>	oh no
Oct 23 22:44:12 <+Windows_Me>	chromb disconnect from irc
Oct 23 22:44:20 <retro8x>	i reported chromb xD
Oct 23 22:44:21 <JuanHCS>	rip
Oct 23 22:44:25 <fancy_tenshi>	ping seems fine
Oct 23 22:44:26 <Zesdash>	LOL
Oct 23 22:44:29 <fancy_tenshi>	very cool
Oct 23 22:44:30 <krvqx>	uh oh
Oct 23 22:44:33 <pure_conpollo>	three four
Oct 23 22:44:33 *	BanchoBot gives channel operator status to Flutteh
Oct 23 22:44:43 <fancy_tenshi>	hi pure_conpollo
Oct 23 22:44:49 <pure_conpollo>	hello
Oct 23 22:44:56 <JuanHCS>	there4
Oct 23 22:45:03 <Merami_Fish>	hi pure_conpollo
Oct 23 22:45:10 <Zesdash>	restart your internet chromb or try to get better internet condition :p
Oct 23 22:45:10 <yeahitsaubrey>	this reminds me of the time when i sent a message to a friend of mine on rateyourmusic and it sent that message like 20 times across a few hours for some reason
Oct 23 22:45:11 <pure_conpollo>	hello
Oct 23 22:45:12 <+Windows_Me>	when your phone's irc client has a ping rate of 120ms+
Oct 23 22:45:34 <@-_Felix>	hey, the
Oct 23 22:45:44 <eoCronosnepae>	pong
Oct 23 22:45:48 <yukariii_chan>	[https://youtu.be/FBti0RekOIU osu! video]
Oct 23 22:45:53 <+Windows_Me>	Zesdash i believe it's his irc client not being satisfied with his internet.
Oct 23 22:45:54 <@Lyawi>	:eyes:
Oct 23 22:46:00 <Zesdash>	poor chromb being tuned out from his freedom
Oct 23 22:46:05 <Zesdash>	Windows Me no it's osu! client
Oct 23 22:46:05 <+Windows_Me>	real
Oct 23 22:46:11 <fancy_tenshi>	hi -_Felix and Lyawi
Oct 23 22:46:15 <Zesdash>	you can probably use website to avoid that
Oct 23 22:46:45 <Zesdash>	i'm assuming it has to do with spaghetti codes
Oct 23 22:46:49 <JuanHCS>	red ppl
Oct 23 22:46:57 *	retro8x is playing [https://osu.ppy.sh/beatmapsets/376340#/829747 Seiryu - Critical Crystal [Zan's Blue Another]] <osu!mania> |4K|
Oct 23 22:46:58 <@terho>	Yes?
Oct 23 22:47:03 <fancy_tenshi>	red people are so cool
Oct 23 22:47:04 <Zesdash>	#freechromb
Oct 23 22:47:04 <@-_Felix>	will be fixed in lazer
Oct 23 22:47:08 <yukariii_chan>	??????????????????????????????????
Oct 23 22:47:08 <-_Josh>	how can i send maps to other people?
Oct 23 22:47:09 <Zesdash>	he ain't do nothin
Oct 23 22:47:18 <@terho>	You type /np
Oct 23 22:47:30 <+Windows_Me>	-_Felix, betting money that a "fix" isn't required in lazer
Oct 23 22:47:31 <@Yasuho>	gm osu
Oct 23 22:47:36 <Damare_baka>	ALL THESE VOICES INSIDE MY HEAD
Oct 23 22:47:40 <-_Josh>	thanks
Oct 23 22:47:45 <Damare_baka>	BINDING MY SIGHT IN A CURTAIN OF RED
Oct 23 22:47:46 <SStoney>	gm Yasuho
Oct 23 22:47:48 <+Windows_Me>	as it was already patched in whatever version lazer introduced chat support
Oct 23 22:47:49 <fancy_tenshi>	gm Yasuho
Oct 23 22:47:53 <+Windows_Me>	(maybe)
Oct 23 22:47:56 <Zesdash>	oh crap
Oct 23 22:47:57 <Zesdash>	gmt and nat
Oct 23 22:48:00 <@chromb>	we SHOULD be back
Oct 23 22:48:02 <Zesdash>	:monkaS:
Oct 23 22:48:03 <+Windows_Me>	o/ Yasuho, good morning
Oct 23 22:48:09 <Zesdash>	OH HE'S FREE
Oct 23 22:48:11 <SStoney>	yooo chromb is back
Oct 23 22:48:15 <SStoney>	is your internet ok now
Oct 23 22:48:16 <@chromb>	if not just silence me or smth
Oct 23 22:48:17 <@terho>	Waiting for ping pong
Oct 23 22:48:23 <@chromb>	!faq ping
Oct 23 22:48:23 <BanchoBot>	Pong!
Oct 23 22:48:24 *	After_Effects is listening to [https://osu.ppy.sh/beatmapsets/1180255#/2461089 Farhan feat. GUMI - Dandelion]
Oct 23 22:48:27 <+Windows_Me>	chromb so is it your IRC client or bancho just acting up?
Oct 23 22:48:28 <krvqx>	shrimple
Oct 23 22:48:28 <@chromb>	woop woop
Oct 23 22:48:30 <@terho>	Not sure if trolling or not
Oct 23 22:48:33 <chromb>	Windows_Me: my internet
Oct 23 22:48:41 <SStoney>	internet is good
Oct 23 22:48:45 <SStoney>	(not)
Oct 23 22:48:47 <@chromb>	i'm guessing it's not recieving the 'yo the message is actually sent' back from the server